<?xml version="1.0" encoding="UTF-8"?>
<!-- Generated by org.testng.reporters.JUnitReportReporter -->
<testsuite hostname="NAVDILRAJ" failures="0" tests="4" name="testLayer.LoginTest" time="34.552" errors="0" timestamp="2023-11-14T15:27:32 EST" skipped="0">
  <testcase classname="testLayer.LoginTest" name="Title" time="10.215"/>
  <system-out/>
  <testcase classname="testLayer.LoginTest" name="Login" time="8.841"/>
  <system-out/>
  <testcase classname="testLayer.LoginTest" name="Login" time="8.776"/>
  <system-out/>
  <testcase classname="testLayer.LoginTest" name="Login" time="6.720"/>
  <system-out/>
</testsuite> <!-- testLayer.LoginTest -->
