<?xml version="1.0" encoding="UTF-8"?>
<!-- Generated by org.testng.reporters.JUnitReportReporter -->
<testsuite hostname="NAVDILRAJ" failures="0" tests="4" name="testLayer.LoginTest" time="49.311" errors="0" timestamp="2024-01-20T13:17:38 EST" skipped="0">
  <testcase classname="testLayer.LoginTest" name="Title" time="10.240"/>
  <system-out/>
  <testcase classname="testLayer.LoginTest" name="Login" time="10.126"/>
  <system-out/>
  <testcase classname="testLayer.LoginTest" name="Login" time="18.052"/>
  <system-out/>
  <testcase classname="testLayer.LoginTest" name="Login" time="10.893"/>
  <system-out/>
</testsuite> <!-- testLayer.LoginTest -->
